2019-10-25T01:56:16+00:00 CRITICAL syntax error, unexpected '/' in /var/www/html/wp-content/themes/bob-bbq/inc/woocommerce.php on line 350

2019-10-25T08:47:37+00:00 CRITICAL Uncaught ArgumentCountError: Too few arguments to function add_order_item_meta(), 2 passed in /var/www/html/wp-includes/class-wp-hook.php on line 288 and exactly 3 expected in /var/www/html/wp-content/themes/bob-bbq/inc/woocommerce.php:232
Stack trace:
#0 /var/www/html/wp-includes/class-wp-hook.php(288): add_order_item_meta(26, Array)
#1 /var/www/html/wp-includes/class-wp-hook.php(310): WP_Hook->apply_filters('', Array)
#2 /var/www/html/wp-includes/plugin.php(465): WP_Hook->do_action(Array)
#3 /var/www/html/wp-content/plugins/woocommerce/includes/class-wc-deprecated-action-hooks.php(159): do_action('woocommerce_add...', 26, Array, '4efe320acc9df9c...')
#4 /var/www/html/wp-content/plugins/woocommerce/includes/class-wc-deprecated-action-hooks.php(107): WC_Deprecated_Action_Hooks->trigger_hook('woocommerce_add...', Array)
#5 /var/www/html/wp-content/plugins/woocommerce/includes/abstracts/abstract-wc-deprecated-hooks.php(73): WC_Deprecated_Action_Hooks->handle_deprecated_hook('woocommerce_new...', 'woocommerce_ad in /var/www/html/wp-content/themes/bob-bbq/inc/woocommerce.php on line 232

2019-10-25T08:47:43+00:00 CRITICAL Uncaught ArgumentCountError: Too few arguments to function add_order_item_meta(), 2 passed in /var/www/html/wp-includes/class-wp-hook.php on line 288 and exactly 3 expected in /var/www/html/wp-content/themes/bob-bbq/inc/woocommerce.php:232
Stack trace:
#0 /var/www/html/wp-includes/class-wp-hook.php(288): add_order_item_meta(27, Array)
#1 /var/www/html/wp-includes/class-wp-hook.php(310): WP_Hook->apply_filters('', Array)
#2 /var/www/html/wp-includes/plugin.php(465): WP_Hook->do_action(Array)
#3 /var/www/html/wp-content/plugins/woocommerce/includes/class-wc-deprecated-action-hooks.php(159): do_action('woocommerce_add...', 27, Array, '4efe320acc9df9c...')
#4 /var/www/html/wp-content/plugins/woocommerce/includes/class-wc-deprecated-action-hooks.php(107): WC_Deprecated_Action_Hooks->trigger_hook('woocommerce_add...', Array)
#5 /var/www/html/wp-content/plugins/woocommerce/includes/abstracts/abstract-wc-deprecated-hooks.php(73): WC_Deprecated_Action_Hooks->handle_deprecated_hook('woocommerce_new...', 'woocommerce_ad in /var/www/html/wp-content/themes/bob-bbq/inc/woocommerce.php on line 232

2019-10-25T08:47:49+00:00 CRITICAL Uncaught ArgumentCountError: Too few arguments to function add_order_item_meta(), 2 passed in /var/www/html/wp-includes/class-wp-hook.php on line 288 and exactly 3 expected in /var/www/html/wp-content/themes/bob-bbq/inc/woocommerce.php:232
Stack trace:
#0 /var/www/html/wp-includes/class-wp-hook.php(288): add_order_item_meta(28, Array)
#1 /var/www/html/wp-includes/class-wp-hook.php(310): WP_Hook->apply_filters('', Array)
#2 /var/www/html/wp-includes/plugin.php(465): WP_Hook->do_action(Array)
#3 /var/www/html/wp-content/plugins/woocommerce/includes/class-wc-deprecated-action-hooks.php(159): do_action('woocommerce_add...', 28, Array, '4efe320acc9df9c...')
#4 /var/www/html/wp-content/plugins/woocommerce/includes/class-wc-deprecated-action-hooks.php(107): WC_Deprecated_Action_Hooks->trigger_hook('woocommerce_add...', Array)
#5 /var/www/html/wp-content/plugins/woocommerce/includes/abstracts/abstract-wc-deprecated-hooks.php(73): WC_Deprecated_Action_Hooks->handle_deprecated_hook('woocommerce_new...', 'woocommerce_ad in /var/www/html/wp-content/themes/bob-bbq/inc/woocommerce.php on line 232

2019-10-25T08:48:25+00:00 CRITICAL Uncaught ArgumentCountError: Too few arguments to function add_order_item_meta(), 2 passed in /var/www/html/wp-includes/class-wp-hook.php on line 288 and exactly 3 expected in /var/www/html/wp-content/themes/bob-bbq/inc/woocommerce.php:232
Stack trace:
#0 /var/www/html/wp-includes/class-wp-hook.php(288): add_order_item_meta(29, Array)
#1 /var/www/html/wp-includes/class-wp-hook.php(310): WP_Hook->apply_filters('', Array)
#2 /var/www/html/wp-includes/plugin.php(465): WP_Hook->do_action(Array)
#3 /var/www/html/wp-content/plugins/woocommerce/includes/class-wc-deprecated-action-hooks.php(159): do_action('woocommerce_add...', 29, Array, '4efe320acc9df9c...')
#4 /var/www/html/wp-content/plugins/woocommerce/includes/class-wc-deprecated-action-hooks.php(107): WC_Deprecated_Action_Hooks->trigger_hook('woocommerce_add...', Array)
#5 /var/www/html/wp-content/plugins/woocommerce/includes/abstracts/abstract-wc-deprecated-hooks.php(73): WC_Deprecated_Action_Hooks->handle_deprecated_hook('woocommerce_new...', 'woocommerce_ad in /var/www/html/wp-content/themes/bob-bbq/inc/woocommerce.php on line 232

