2019-10-23T01:34:17+00:00 CRITICAL Uncaught Error: Call to undefined function action() in D:\PROJECT\bbq\wp-content\themes\bob-bbq\inc\woocommerce.php:335
Stack trace:
#0 D:\PROJECT\bbq\wp-content\themes\bob-bbq\functions.php(36): require_once()
#1 D:\PROJECT\bbq\wp-settings.php(499): include('D:\\PROJECT\\bbq\\...')
#2 D:\PROJECT\bbq\wp-config.php(90): require_once('D:\\PROJECT\\bbq\\...')
#3 D:\PROJECT\bbq\wp-load.php(37): require_once('D:\\PROJECT\\bbq\\...')
#4 D:\PROJECT\bbq\wp-blog-header.php(13): require_once('D:\\PROJECT\\bbq\\...')
#5 D:\PROJECT\bbq\index.php(17): require('D:\\PROJECT\\bbq\\...')
#6 {main}
  thrown in D:\PROJECT\bbq\wp-content\themes\bob-bbq\inc\woocommerce.php on line 335

2019-10-23T01:43:00+00:00 CRITICAL syntax error, unexpected '<', expecting end of file in D:\PROJECT\bbq\wp-content\themes\bob-bbq\woocommerce\single-product\tabs\description.php on line 22

2019-10-23T03:13:24+00:00 CRITICAL syntax error, unexpected '{' in D:\PROJECT\bbq\wp-content\themes\bob-bbq\woocommerce\single-product\tabs\description.php on line 42

2019-10-23T03:14:35+00:00 CRITICAL syntax error, unexpected '}', expecting ',' or ';' in D:\PROJECT\bbq\wp-content\themes\bob-bbq\woocommerce\single-product\tabs\description.php on line 42

2019-10-23T03:14:51+00:00 CRITICAL syntax error, unexpected 'endif' (T_ENDIF), expecting ',' or ';' in D:\PROJECT\bbq\wp-content\themes\bob-bbq\woocommerce\single-product\tabs\description.php on line 48

2019-10-23T03:15:29+00:00 CRITICAL syntax error, unexpected 'endif' (T_ENDIF), expecting ',' or ';' in D:\PROJECT\bbq\wp-content\themes\bob-bbq\woocommerce\single-product\tabs\description.php on line 48

2019-10-23T03:17:55+00:00 CRITICAL syntax error, unexpected 'endif' (T_ENDIF), expecting ',' or ';' in D:\PROJECT\bbq\wp-content\themes\bob-bbq\woocommerce\single-product\tabs\description.php on line 48

2019-10-23T03:23:01+00:00 CRITICAL Uncaught Error: Call to undefined function get_content() in D:\PROJECT\bbq\wp-content\themes\bob-bbq\woocommerce\single-product\tabs\description.php:45
Stack trace:
#0 D:\PROJECT\bbq\wp-content\plugins\woocommerce\includes\wc-core-functions.php(249): include()
#1 D:\PROJECT\bbq\wp-content\plugins\woocommerce\includes\wc-deprecated-functions.php(338): wc_get_template('single-product/...', Array, '', '')
#2 D:\PROJECT\bbq\wp-content\themes\bob-bbq\inc\woocommerce.php(338): woocommerce_get_template('single-product/...')
#3 D:\PROJECT\bbq\wp-includes\class-wp-hook.php(286): woocommerce_template_product_description('')
#4 D:\PROJECT\bbq\wp-includes\class-wp-hook.php(310): WP_Hook->apply_filters('', Array)
#5 D:\PROJECT\bbq\wp-includes\plugin.php(465): WP_Hook->do_action(Array)
#6 D:\PROJECT\bbq\wp-content\plugins\woocommerce\templates\content-single-product.php(76): do_action('woocommerce_aft...')
#7 D:\PROJECT\bbq\wp-includes\template.php(724): require('D:\\PROJECT\\bbq\\...')
#8 D:\PROJECT\bbq\wp-content\plugins in D:\PROJECT\bbq\wp-content\themes\bob-bbq\woocommerce\single-product\tabs\description.php on line 45

2019-10-23T05:42:38+00:00 CRITICAL syntax error, unexpected 'foreach' (T_FOREACH), expecting ',' or ';' in D:\PROJECT\bbq\wp-content\themes\bob-bbq\inc\woocommerce.php on line 209

2019-10-23T05:42:42+00:00 CRITICAL syntax error, unexpected 'foreach' (T_FOREACH), expecting ',' or ';' in D:\PROJECT\bbq\wp-content\themes\bob-bbq\inc\woocommerce.php on line 209

2019-10-23T06:53:47+00:00 CRITICAL Error locating /inc/shortcode.php for inclusion in D:\PROJECT\bbq\wp-content\themes\bob-bbq\functions.php on line 35

2019-10-23T06:54:06+00:00 CRITICAL Error locating /inc/shortcode.php for inclusion in D:\PROJECT\bbq\wp-content\themes\bob-bbq\functions.php on line 35

2019-10-23T06:54:30+00:00 CRITICAL Error locating /inc/shortcode.php for inclusion in D:\PROJECT\bbq\wp-content\themes\bob-bbq\functions.php on line 35

2019-10-23T06:54:37+00:00 CRITICAL syntax error, unexpected '<' in D:\PROJECT\bbq\wp-content\themes\bob-bbq\inc\shortcode.php on line 4

2019-10-23T06:54:50+00:00 CRITICAL syntax error, unexpected '<' in D:\PROJECT\bbq\wp-content\themes\bob-bbq\inc\shortcode.php on line 4

2019-10-23T11:15:52+00:00 CRITICAL Uncaught Error: Call to a member function get_ID() on null in D:\PROJECT\bbq\wp-content\themes\bob-bbq\inc\woocommerce.php:249
Stack trace:
#0 D:\PROJECT\bbq\wp-includes\class-wp-hook.php(286): change_product_name_and_price(Object(WC_Cart))
#1 D:\PROJECT\bbq\wp-includes\class-wp-hook.php(310): WP_Hook->apply_filters('', Array)
#2 D:\PROJECT\bbq\wp-includes\plugin.php(465): WP_Hook->do_action(Array)
#3 D:\PROJECT\bbq\wp-content\plugins\woocommerce\includes\class-wc-cart.php(1226): do_action('woocommerce_bef...', Object(WC_Cart))
#4 D:\PROJECT\bbq\wp-content\plugins\woocommerce\includes\shortcodes\class-wc-shortcode-cart.php(88): WC_Cart->calculate_totals()
#5 D:\PROJECT\bbq\wp-content\plugins\woocommerce\includes\class-wc-shortcodes.php(72): WC_Shortcode_Cart::output(Array)
#6 D:\PROJECT\bbq\wp-content\plugins\woocommerce\includes\class-wc-shortcodes.php(85): WC_Shortcodes::shortcode_wrapper(Array)
#7 D:\PROJECT\bbq\wp-includes\shortcodes.php(325): WC_Shortcodes::cart('', '', 'woocommerce_car...')
#8 [internal in D:\PROJECT\bbq\wp-content\themes\bob-bbq\inc\woocommerce.php on line 249

